Flutter crash report.
Please report a bug at https://github.com/flutter/flutter/issues.

## command

flutter create jjakka

## exception

PathNotFoundException: PathNotFoundException: Cannot open file, path = '/opt/homebrew/Caskroom/flutter/3.7.9/flutter/version' (OS Error: No such file or directory, errno = 2)

```
#0      _File.throwIfError (dart:io/file_impl.dart:629:7)
#1      _File.openSync (dart:io/file_impl.dart:473:5)
#2      _File.readAsBytesSync (dart:io/file_impl.dart:533:18)
#3      _File.readAsStringSync (dart:io/file_impl.dart:578:18)
#4      ForwardingFile.readAsStringSync (package:file/src/forwarding/forwarding_file.dart:99:16)
#5      ErrorHandlingFile.readAsStringSync.<anonymous closure> (package:flutter_tools/src/base/error_handling_io.dart:222:22)
#6      _runSync (package:flutter_tools/src/base/error_handling_io.dart:600:14)
#7      ErrorHandlingFile.readAsStringSync (package:flutter_tools/src/base/error_handling_io.dart:221:12)
#8      _DefaultPub.get (package:flutter_tools/src/dart/pub.dart:360:50)
<asynchronous suspension>
#9      CreateCommand.runCommand (package:flutter_tools/src/commands/create.dart:414:7)
<asynchronous suspension>
#10     FlutterCommand.run.<anonymous closure> (package:flutter_tools/src/runner/flutter_command.dart:1257:27)
<asynchronous suspension>
#11     AppContext.run.<anonymous closure> (package:flutter_tools/src/base/context.dart:150:19)
<asynchronous suspension>
#12     CommandRunner.runCommand (package:args/command_runner.dart:209:13)
<asynchronous suspension>
#13     FlutterCommandRunner.runCommand.<anonymous closure> (package:flutter_tools/src/runner/flutter_command_runner.dart:283:9)
<asynchronous suspension>
#14     AppContext.run.<anonymous closure> (package:flutter_tools/src/base/context.dart:150:19)
<asynchronous suspension>
#15     FlutterCommandRunner.runCommand (package:flutter_tools/src/runner/flutter_command_runner.dart:229:5)
<asynchronous suspension>
#16     run.<anonymous closure>.<anonymous closure> (package:flutter_tools/runner.dart:64:9)
<asynchronous suspension>
#17     AppContext.run.<anonymous closure> (package:flutter_tools/src/base/context.dart:150:19)
<asynchronous suspension>
#18     main (package:flutter_tools/executable.dart:91:3)
<asynchronous suspension>
```

## flutter doctor

```
[32m[✓][39m Flutter (Channel stable, 3.7.9, on macOS 14.0 23A344 darwin-arm64, locale
    ko-KR)
    [32m•[39m Flutter version 3.7.9 on channel stable at
      /opt/homebrew/Caskroom/flutter/3.7.9/flutter
    [32m•[39m Upstream repository https://github.com/flutter/flutter.git
    [32m•[39m Framework revision 62bd79521d (2 weeks ago), 2023-09-26 18:28:17 -0700
    [32m•[39m Engine revision ec975089ac
    [32m•[39m Dart version 2.19.6
    [32m•[39m DevTools version 2.25.0

[31m[✗][39m Android toolchain - develop for Android devices
    [31m✗[39m Unable to locate Android SDK.
      Install Android Studio from:
      https://developer.android.com/studio/index.html
      On first launch it will assist you in installing the Android SDK
      components.
      (or visit https://flutter.dev/docs/get-started/install/macos#android-setup
      for detailed instructions).
      If the Android SDK has been installed to a custom location, please use
      `flutter config --android-sdk` to update to that location.


[33m[!][39m Xcode - develop for iOS and macOS (Xcode 14.3.1)
    [32m•[39m Xcode at /Applications/Xcode.app/Contents/Developer
    [32m•[39m Build 14E300c
    [33m![39m CocoaPods 1.7.5 out of date (1.11.0 is recommended).
        CocoaPods is used to retrieve the iOS and macOS platform side's plugin
        code that responds to your plugin usage on the Dart side.
        Without CocoaPods, plugins will not work on iOS or macOS.
        For more info, see https://flutter.dev/platform-plugins
      To upgrade see
      https://guides.cocoapods.org/using/getting-started.html#installation for
      instructions.

[32m[✓][39m Chrome - develop for the web
    [32m•[39m Chrome at /Applications/Google Chrome.app/Contents/MacOS/Google Chrome

[33m[!][39m Android Studio (not installed)
    [32m•[39m Android Studio not found; download from
      https://developer.android.com/studio/index.html
      (or visit https://flutter.dev/docs/get-started/install/macos#android-setup
      for detailed instructions).

[32m[✓][39m IntelliJ IDEA Ultimate Edition (version 2023.2)
    [32m•[39m IntelliJ at /Users/hyunseojung/Applications/IntelliJ IDEA Ultimate.app
    [32m•[39m Flutter plugin can be installed from:
      🔨 https://plugins.jetbrains.com/plugin/9212-flutter
    [32m•[39m Dart plugin can be installed from:
      🔨 https://plugins.jetbrains.com/plugin/6351-dart

[32m[✓][39m VS Code (version 1.82.3)
    [32m•[39m VS Code at /Applications/Visual Studio Code.app/Contents
    [32m•[39m Flutter extension version 3.74.0

[32m[✓][39m Connected device (2 available)
    [32m•[39m macOS (desktop) • macos  • darwin-arm64   • macOS 14.0 23A344 darwin-arm64
    [32m•[39m Chrome (web)    • chrome • web-javascript • Google Chrome 117.0.5938.149

[33m[!][39m HTTP Host Availability
    [31m✗[39m HTTP host "https://pub.dev/" is not reachable. Reason: An error occurred
      while checking the HTTP host: Connection reset by peer

[33m![39m Doctor found issues in 4 categories.
```
